<?xml version="1.0" encoding="UTF-8"?>
<!-- Generated by org.testng.reporters.JUnitReportReporter -->
<testsuite name="com.java.iqadvance.ExpectionTest" tests="1" time="0.009" ignored="1" failures="0" timestamp="25 Mar 2020 11:30:58 GMT" skipped="0" hostname="RAJEEV" errors="0">
  <testcase name="get" time="0.009" classname="com.java.iqadvance.ExpectionTest"/>
  <testcase name="sumTest" classname="com.java.iqadvance.ExpectionTest">
    <skipped/>
  </testcase> <!-- sumTest -->
</testsuite> <!-- com.java.iqadvance.ExpectionTest -->
