<?xml version="1.0" encoding="UTF-8"?>
<!-- Generated by org.testng.reporters.JUnitReportReporter -->
<testsuite name="com.java.iqadvance.ExpectionTest" tests="1" time="0.017" ignored="0" failures="0" timestamp="17 Mar 2020 12:19:35 GMT" skipped="0" hostname="RAJEEV" errors="0">
  <testcase name="sumTest" time="0.017" classname="com.java.iqadvance.ExpectionTest"/>
</testsuite> <!-- com.java.iqadvance.ExpectionTest -->
