<?xml version="1.0" encoding="UTF-8"?>
<!-- Generated by org.testng.reporters.JUnitReportReporter -->
<testsuite name="org.java.practice.selenium.ParellerTesting" tests="4" time="180.628" ignored="0" failures="0" timestamp="16 Mar 2020 17:42:24 GMT" skipped="0" hostname="RAJEEV" errors="0">
  <testcase name="test2" time="24.162" classname="org.java.practice.selenium.ParellerTesting"/>
  <testcase name="test4" time="61.566" classname="org.java.practice.selenium.ParellerTesting"/>
  <testcase name="test3" time="65.525" classname="org.java.practice.selenium.ParellerTesting"/>
  <testcase name="test1" time="29.375" classname="org.java.practice.selenium.ParellerTesting"/>
</testsuite> <!-- org.java.practice.selenium.ParellerTesting -->
